<?xml version="1.0" encoding="UTF-8"?>
<!-- Generated by org.testng.reporters.JUnitXMLReporter -->
<testsuite hostname="dell" name="Sanity in GC" tests="2" failures="0" timestamp="15 Nov 2016 18:04:45 GMT" time="0.297" errors="0">
  <testcase name="@BeforeMethod SetUp2" time="0.0" classname="testng111.autocomplete">
    <failure type="java.lang.IllegalStateException" message="The driver executable does not exist: E:\selenium\lib\chrome.driver">
      <![CDATA[java.lang.IllegalStateException: The driver executable does not exist: E:\selenium\lib\chrome.driver
	at com.google.common.base.Preconditions.checkState(Preconditions.java:199)
	at org.openqa.selenium.remote.service.DriverService.checkExecutable(DriverService.java:121)
	at org.openqa.selenium.remote.service.DriverService.findExecutable(DriverService.java:116)
	at org.openqa.selenium.chrome.ChromeDriverService.access$0(ChromeDriverService.java:1)
	at org.openqa.selenium.chrome.ChromeDriverService$Builder.findDefaultExecutable(ChromeDriverService.java:137)
	at org.openqa.selenium.remote.service.DriverService$Builder.build(DriverService.java:296)
	at org.openqa.selenium.chrome.ChromeDriverService.createDefaultService(ChromeDriverService.java:88)
	at org.openqa.selenium.chrome.ChromeDriver.<init>(ChromeDriver.java:116)
	at testng111.autocomplete.SetUp2(autocomplete.java:50)
	at java.util.concurrent.FutureTask.run(FutureTask.java:262)
	at java.util.concurrent.ThreadPoolExecutor.runWorker(ThreadPoolExecutor.java:1145)
	at java.util.concurrent.ThreadPoolExecutor$Worker.run(ThreadPoolExecutor.java:615)
	at java.lang.Thread.run(Thread.java:745)
... Removed 18 stack frames]]>
    </failure>
  </testcase> <!-- @BeforeMethod SetUp2 -->
  <testcase name="@AfterMethod SetUp3" time="0.0" classname="testng111.autocomplete">
    <skipped/>
  </testcase> <!-- @AfterMethod SetUp3 -->
  <testcase name="@BeforeMethod SetUp2" time="0.0" classname="testng111.draganddrop">
    <failure type="java.lang.IllegalStateException" message="The driver executable does not exist: E:\selenium\lib\chrome.driver">
      <![CDATA[java.lang.IllegalStateException: The driver executable does not exist: E:\selenium\lib\chrome.driver
	at com.google.common.base.Preconditions.checkState(Preconditions.java:199)
	at org.openqa.selenium.remote.service.DriverService.checkExecutable(DriverService.java:121)
	at org.openqa.selenium.remote.service.DriverService.findExecutable(DriverService.java:116)
	at org.openqa.selenium.chrome.ChromeDriverService.access$0(ChromeDriverService.java:1)
	at org.openqa.selenium.chrome.ChromeDriverService$Builder.findDefaultExecutable(ChromeDriverService.java:137)
	at org.openqa.selenium.remote.service.DriverService$Builder.build(DriverService.java:296)
	at org.openqa.selenium.chrome.ChromeDriverService.createDefaultService(ChromeDriverService.java:88)
	at org.openqa.selenium.chrome.ChromeDriver.<init>(ChromeDriver.java:116)
	at testng111.draganddrop.SetUp2(draganddrop.java:37)
	at java.util.concurrent.FutureTask.run(FutureTask.java:262)
	at java.util.concurrent.ThreadPoolExecutor.runWorker(ThreadPoolExecutor.java:1145)
	at java.util.concurrent.ThreadPoolExecutor$Worker.run(ThreadPoolExecutor.java:615)
	at java.lang.Thread.run(Thread.java:745)
... Removed 18 stack frames]]>
    </failure>
  </testcase> <!-- @BeforeMethod SetUp2 -->
  <testcase name="@AfterMethod SetUp3" time="0.0" classname="testng111.draganddrop">
    <skipped/>
  </testcase> <!-- @AfterMethod SetUp3 -->
  <testcase name="SetUp1" time="0.0" classname="testng111.autocomplete">
    <skipped/>
  </testcase> <!-- SetUp1 -->
  <testcase name="SetUp" time="0.0" classname="testng111.draganddrop">
    <skipped/>
  </testcase> <!-- SetUp -->
</testsuite> <!-- Sanity in GC -->
